<成功> getBrowser("firefox")
<成功> getUrl("http://localhost")
<成功> getSendKeys('name', 'username', 'gotIt')
<成功> getSendKeys('name', 'password', 'gotIt123')
<成功> getClick('name', 'Submit')
<成功> getClick('partial link text', '请点击这里')
<成功> getAssertIn("我的空间")
<失败> getAssertIn("外星人的空间")页面代码中没有发现目标元素：外星人的空间
<成功> getSleep(1)
<失败>登录, 共有步骤: 9，执行成功步骤: 8
<通过>getClick("link text", "会员中心")
<通过>getClick("link text", "修改资料")
<通过>getSendKeys("id", "truename", "小李")
<通过>getSendKeys("id", "oicq", "5678")
<通过>getSendKeys("id", "msn", "hotmail")
<通过>getSendKeys("id", "mycall", "1366")
<通过>getSendKeys("id", "phone", "66778")
<通过>getSendKeys("id", "homepage", "www.ccom")
<未通过>getUpLoadLocalFile("name", "userpicfile", "D:\Desktop\gaming\jiang.jpg")name 'getUpLoadLocalFile' is not defined
<通过>getSendKeys("id", "address", "四川")
<通过>getSendKeys("id", "zip", "10000")
<通过>getSendKeys("id", "saytext", "大家好")
<失败>个人信息: 共有步骤：12, 执行成功步骤：11
<通过>getClick("link text", "会员中心")
<通过>getClick("link text", "修改资料")
<通过>getSendKeys("id", "truename", "小王")
<通过>getSendKeys("id", "oicq", "2345")
<通过>getSendKeys("id", "msn", "126.com")
<通过>getSendKeys("id", "mycall", "1377")
<通过>getSendKeys("id", "phone", "6655")
<通过>getSendKeys("id", "homepage", "http")
<未通过>getUpLoadLocalFile("name", "userpicfile", "D:\Desktop\gaming\ing.jpg")name 'getUpLoadLocalFile' is not defined
<通过>getSendKeys("id", "address", "重庆")
<通过>getSendKeys("id", "zip", "22222")
<通过>getSendKeys("id", "saytext", "不错")
<失败>个人信息: 共有步骤：12, 执行成功步骤：11
<通过>getClick("link text", "会员中心")
<通过>getClick("link text", "修改资料")
<通过>getSendKeys("id", "truename", "小张")
<通过>getSendKeys("id", "oicq", "1234")
<通过>getSendKeys("id", "msn", "qq.com")
<通过>getSendKeys("id", "mycall", "1388")
<通过>getSendKeys("id", "phone", "5677")
<通过>getSendKeys("id", "homepage", "httpcom")
<未通过>getUpLoadLocalFile("name", "userpicfile", "D:\Desktop\gaming\jiang.jpg")name 'getUpLoadLocalFile' is not defined
<通过>getSendKeys("id", "address", "河北")
<通过>getSendKeys("id", "zip", "33333")
<通过>getSendKeys("id", "saytext", "有点冷")
<失败>个人信息: 共有步骤：12, 执行成功步骤：11
<通过>getClick("link text", "会员中心")
<通过>getClick("link text", "修改资料")
<通过>getSendKeys("id", "truename", "Marry")
<通过>getSendKeys("id", "oicq", "24534635")
<通过>getSendKeys("id", "msn", "mail")
<通过>getSendKeys("id", "mycall", "12335")
<通过>getSendKeys("id", "phone", "5675467")
<通过>getSendKeys("id", "homepage", "www.en")
<未通过>getUpLoadLocalFile("name", "userpicfile", "D:\Desktop\gaming\jiang.jpg")name 'getUpLoadLocalFile' is not defined
<通过>getSendKeys("id", "address", "英国")
<通过>getSendKeys("id", "zip", "22")
<通过>getSendKeys("id", "saytext", "hi")
<失败>个人信息: 共有步骤：12, 执行成功步骤：11
<失败>修改资料, 共有条数：4, 成功条数：0
<成功> getBrowser("firefox")
<成功> getUrl("https://www.baidu.com")
<成功> getSendKeys('id', 'kw', '天气')
<失败> getClick('partial link text', '全国')Message: 

<成功> getSleep(3)
<成功> getClose()
<失败>百度搜索, 共有步骤: 6，执行成功步骤: 5
